Using pre-set license
Built from 'trunk' branch; Version is '2020.2.0b1 (4ae7c5e87f33) revision 4908997'; Using compiler version '192528614'; Build Type 'Release'
OS: 'Windows 10  (10.0.0) 64bit' Language: 'es' Physical Memory: 8140 MB
BatchMode: 1, IsHumanControllingUs: 0, StartBugReporterOnCrash: 0, Is64bit: 1, IsPro: 0

 COMMAND LINE ARGUMENTS:
C:\Program Files\Unity\Hub\2020.2.0b1\Editor\Unity.exe
-adb2
-batchMode
-noUpm
-name
AssetImportWorker2
-projectPath
C:/Users/enrir/Proyectos Unity/ProyectoFinal_JHONLEMON
-logFile
Logs/AssetImportWorker2.log
-srvPort
51176
Successfully changed project path to: C:/Users/enrir/Proyectos Unity/ProyectoFinal_JHONLEMON
C:/Users/enrir/Proyectos Unity/ProyectoFinal_JHONLEMON
Using Asset Import Pipeline V2.
Refreshing native plugins compatible for Editor in 110.49 ms, found 0 plugins.
Preloading 0 native plugins for Editor in 0.00 ms.
Initialize engine version: 2020.2.0b1 (4ae7c5e87f33)
[Subsystems] Discovering subsystems at path C:/Program Files/Unity/Hub/2020.2.0b1/Editor/Data/Resources/UnitySubsystems
[Subsystems] Discovering subsystems at path C:/Users/enrir/Proyectos Unity/ProyectoFinal_JHONLEMON/Assets
GfxDevice: creating device client; threaded=0
Direct3D:
    Version:  Direct3D 11.0 [level 11.1]
    Renderer: NVIDIA GeForce GTX 960 (ID=0x1401)
    Vendor:   
    VRAM:     2007 MB
    Driver:   27.21.14.5638
Shader 'Universal Render Pipeline/Particles/Lit': fallback shader 'Universal Render Pipeline/Particles/SimpleLit' not found
Initialize mono
Mono path[0] = 'C:/Program Files/Unity/Hub/2020.2.0b1/Editor/Data/Managed'
Mono path[1] = 'C:/Program Files/Unity/Hub/2020.2.0b1/Editor/Data/MonoBleedingEdge/lib/mono/unityjit'
Mono config path = 'C:/Program Files/Unity/Hub/2020.2.0b1/Editor/Data/MonoBleedingEdge/etc'
Using monoOptions --debugger-agent=transport=dt_socket,embedding=1,server=y,suspend=n,address=127.0.0.1:56312
Begin MonoManager ReloadAssembly
Registering precompiled unity dll's ...
Register platform support module: C:/Program Files/Unity/Hub/2020.2.0b1/Editor/Data/PlaybackEngines/WindowsStandaloneSupport/UnityEditor.WindowsStandalone.Extensions.dll
Registered in 0.004799 seconds.
Native extension for WindowsStandalone target not found
Refreshing native plugins compatible for Editor in 101.20 ms, found 0 plugins.
Preloading 0 native plugins for Editor in 0.00 ms.
Invoked RoslynAnalysisRunner static constructor.
RoslynAnalysisRunner will not be running.
RoslynAnalysisRunner has terminated.
Mono: successfully reloaded assembly
- Completed reload, in  3.220 seconds
Registering precompiled user dll's ...
Registered in 0.201544 seconds.
Platform modules already initialized, skipping
Begin MonoManager ReloadAssembly
Symbol file LoadedFromMemory doesn't match image C:\Users\enrir\Proyectos Unity\ProyectoFinal_JHONLEMON\Library\PackageCache\com.unity.ext.nunit@1.0.0\net35\unity-custom\nunit.framework.dll
Native extension for WindowsStandalone target not found
Refreshing native plugins compatible for Editor in 105.28 ms, found 0 plugins.
Preloading 0 native plugins for Editor in 0.00 ms.
Invalid AssetDatabase path: /Editor/EditorResources/cm_logo_sm.png. Use path relative to the project folder.
UnityEngine.StackTraceUtility:ExtractStackTrace ()
UnityEditor.AssetDatabase:LoadAssetAtPath<UnityEngine.Texture2D> (string)
Cinemachine.Editor.CinemachineSettings:get_CinemachineLogoTexture () (at Library/PackageCache/com.unity.cinemachine@2.6.3/Editor/Windows/CinemachineSettings.cs:205)
Cinemachine.Editor.CinemachineSettings:.cctor () (at Library/PackageCache/com.unity.cinemachine@2.6.3/Editor/Windows/CinemachineSettings.cs:237)
Cinemachine.CinemachineColliderPrefs:.cctor () (at Library/PackageCache/com.unity.cinemachine@2.6.3/Editor/Windows/CinemachineColliderPrefs.cs:61)
System.Runtime.CompilerServices.RuntimeHelpers:RunClassConstructor (System.RuntimeTypeHandle)
UnityEditor.EditorAssemblies:ProcessInitializeOnLoadAttributes (System.Type[])

[Library/PackageCache/com.unity.cinemachine@2.6.3/Editor/Windows/CinemachineSettings.cs line 205]

Invoked RoslynAnalysisRunner static constructor.
RoslynAnalysisRunner will not be running.
RoslynAnalysisRunner has terminated.
Mono: successfully reloaded assembly
- Completed reload, in  1.609 seconds
Platform modules already initialized, skipping
========================================================================
Worker process is ready to serve import requests
Shader 'Universal Render Pipeline/Particles/Lit': fallback shader 'Universal Render Pipeline/Particles/SimpleLit' not found
Launched and connected shader compiler UnityShaderCompiler.exe after 0.13 seconds
Refreshing native plugins compatible for Editor in 1.11 ms, found 0 plugins.
Preloading 0 native plugins for Editor in 0.00 ms.
Unloading 2561 Unused Serialized files (Serialized files now loaded: 0)
System memory in use before: 186.1 MB.
System memory in use after: 186.3 MB.

Unloading 27 unused Assets to reduce memory usage. Loaded Objects now: 2996.
Total: 26.653600 ms (FindLiveObjects: 3.253400 ms CreateObjectMapping: 0.248600 ms MarkObjects: 22.588900 ms  DeleteObjects: 0.559500 ms)

========================================================================
Received Import Request.
  path: Assets/_Scripts/PlayerController.cs
  artifactKey: Guid(f8ac2576ac11a1945b3a28a8ec1c5720) Importer(815301076,1909f56bfc062723c751e8b465ee728b)
Start importing Assets/_Scripts/PlayerController.cs using Guid(f8ac2576ac11a1945b3a28a8ec1c5720) Importer(815301076,1909f56bfc062723c751e8b465ee728b)  -> (artifact id: 'ed6be29cc13774fb4f70ccb91269b3a9') in 0.075850 seconds
  Import took 0.093067 seconds .

========================================================================
Received Import Request.
  Time since last request: 69.320060 seconds.
  path: Assets/_Scripts/PlayerController.cs
  artifactKey: Guid(f8ac2576ac11a1945b3a28a8ec1c5720) Importer(815301076,1909f56bfc062723c751e8b465ee728b)
Start importing Assets/_Scripts/PlayerController.cs using Guid(f8ac2576ac11a1945b3a28a8ec1c5720) Importer(815301076,1909f56bfc062723c751e8b465ee728b)  -> (artifact id: 'dab55698a4eba5b220e116fb2525c3c5') in 0.007649 seconds
  Import took 0.019115 seconds .

========================================================================
Received Import Request.
  Time since last request: 637.306862 seconds.
  path: Assets/_Scripts/PlayerController.cs
  artifactKey: Guid(f8ac2576ac11a1945b3a28a8ec1c5720) Importer(815301076,1909f56bfc062723c751e8b465ee728b)
Start importing Assets/_Scripts/PlayerController.cs using Guid(f8ac2576ac11a1945b3a28a8ec1c5720) Importer(815301076,1909f56bfc062723c751e8b465ee728b)  -> (artifact id: '1b97d6188c9342767321fc3d35dff1fb') in 0.006622 seconds
  Import took 0.015259 seconds .

========================================================================
Received Import Request.
  Time since last request: 110.693668 seconds.
  path: Assets/Textures/BathRoom/Bathtub_Albedo.tif
  artifactKey: Guid(1e33795d9bd064b43bde9b8d2040802f) Importer(815301076,1909f56bfc062723c751e8b465ee728b)
Start importing Assets/Textures/BathRoom/Bathtub_Albedo.tif using Guid(1e33795d9bd064b43bde9b8d2040802f) Importer(815301076,1909f56bfc062723c751e8b465ee728b)  -> (artifact id: '2d7c2577aaeb3b61f7f25e774ff89902') in 0.117108 seconds
  Import took 0.126615 seconds .

========================================================================
Received Import Request.
  Time since last request: 0.000308 seconds.
  path: Assets/Textures/BedRoom/BedSide_Occlusion.tif
  artifactKey: Guid(6fece7bb55bcfd54c9ea204b2b93753a) Importer(815301076,1909f56bfc062723c751e8b465ee728b)
Start importing Assets/Textures/BedRoom/BedSide_Occlusion.tif using Guid(6fece7bb55bcfd54c9ea204b2b93753a) Importer(815301076,1909f56bfc062723c751e8b465ee728b)  -> (artifact id: 'bc7b1881296f5c44aeb0678dd6515cea') in 0.036478 seconds
  Import took 0.043423 seconds .

========================================================================
Received Import Request.
  Time since last request: 0.000376 seconds.
  path: Assets/Textures/VFX/CandleFlame.tif
  artifactKey: Guid(e966fe96fc4c60f4fa9eff9e6d32ba67) Importer(815301076,1909f56bfc062723c751e8b465ee728b)
Start importing Assets/Textures/VFX/CandleFlame.tif using Guid(e966fe96fc4c60f4fa9eff9e6d32ba67) Importer(815301076,1909f56bfc062723c751e8b465ee728b)  -> (artifact id: '7a9e5b8834e249561a48d08e006b5958') in 0.061051 seconds
  Import took 0.067973 seconds .

========================================================================
Received Import Request.
  Time since last request: 0.000229 seconds.
  path: Assets/Textures/BathRoom/BathtubLeg_Occlusion.tif
  artifactKey: Guid(31a2f2c86823ffa4eb5240e4fec6b4ea) Importer(815301076,1909f56bfc062723c751e8b465ee728b)
Start importing Assets/Textures/BathRoom/BathtubLeg_Occlusion.tif using Guid(31a2f2c86823ffa4eb5240e4fec6b4ea) Importer(815301076,1909f56bfc062723c751e8b465ee728b)  -> (artifact id: '3a5d73e14c68d5375f43c28942399ce5') in 0.026275 seconds
  Import took 0.032797 seconds .

========================================================================
Received Import Request.
  Time since last request: 0.000266 seconds.
  path: Assets/Textures/BathRoom/BathtubLeg_Normal.tif
  artifactKey: Guid(dd1469f195c1e5b478a8dc9f78cbd78e) Importer(815301076,1909f56bfc062723c751e8b465ee728b)
Start importing Assets/Textures/BathRoom/BathtubLeg_Normal.tif using Guid(dd1469f195c1e5b478a8dc9f78cbd78e) Importer(815301076,1909f56bfc062723c751e8b465ee728b)  -> (artifact id: '87bbff8a2a1e0060df4e089d67768a39') in 0.028736 seconds
  Import took 0.035896 seconds .

========================================================================
Received Import Request.
  Time since last request: 0.000323 seconds.
  path: Assets/Textures/BedRoom/Bed_Albedo.tif
  artifactKey: Guid(29ce91977ba80d54ba227ab8593a8156) Importer(815301076,1909f56bfc062723c751e8b465ee728b)
Start importing Assets/Textures/BedRoom/Bed_Albedo.tif using Guid(29ce91977ba80d54ba227ab8593a8156) Importer(815301076,1909f56bfc062723c751e8b465ee728b)  -> (artifact id: '056977e77e41c2ac7e9c33ef6f32cc4b') in 0.031570 seconds
  Import took 0.037487 seconds .

========================================================================
Received Import Request.
  Time since last request: 0.000261 seconds.
  path: Assets/Textures/BedRoom/BedSide_Metalness.tif
  artifactKey: Guid(123a200c482c794458cb562b92aee752) Importer(815301076,1909f56bfc062723c751e8b465ee728b)
Start importing Assets/Textures/BedRoom/BedSide_Metalness.tif using Guid(123a200c482c794458cb562b92aee752) Importer(815301076,1909f56bfc062723c751e8b465ee728b)  -> (artifact id: '8eb78d42405e5757961e0371cb0f7792') in 0.033076 seconds
  Import took 0.040750 seconds .

========================================================================
Received Import Request.
  Time since last request: 0.000395 seconds.
  path: Assets/Textures/DiningRoom/CandleStick_Normal.tif
  artifactKey: Guid(45ab703b0a5a43c4698f496148039fab) Importer(815301076,1909f56bfc062723c751e8b465ee728b)
Start importing Assets/Textures/DiningRoom/CandleStick_Normal.tif using Guid(45ab703b0a5a43c4698f496148039fab) Importer(815301076,1909f56bfc062723c751e8b465ee728b)  -> (artifact id: 'bd3de101d227ba7cb7870f719bce736a') in 0.035542 seconds
  Import took 0.043097 seconds .

========================================================================
Received Import Request.
  Time since last request: 0.000308 seconds.
  path: Assets/Textures/BedRoom/BedSide_Normal.tif
  artifactKey: Guid(828152cbfdbb1bb4f8f562b6302f3f25) Importer(815301076,1909f56bfc062723c751e8b465ee728b)
Start importing Assets/Textures/BedRoom/BedSide_Normal.tif using Guid(828152cbfdbb1bb4f8f562b6302f3f25) Importer(815301076,1909f56bfc062723c751e8b465ee728b)  -> (artifact id: '71ccaa66ede8054877c42e98b8acfc0a') in 0.030237 seconds
  Import took 0.037862 seconds .

========================================================================
Received Import Request.
  Time since last request: 0.000297 seconds.
  path: Assets/Textures/BedRoom/BedSide_Albedo.tif
  artifactKey: Guid(b4d856ea788f6514cb8dc3c068fb48a9) Importer(815301076,1909f56bfc062723c751e8b465ee728b)
Start importing Assets/Textures/BedRoom/BedSide_Albedo.tif using Guid(b4d856ea788f6514cb8dc3c068fb48a9) Importer(815301076,1909f56bfc062723c751e8b465ee728b)  -> (artifact id: 'a8e06cd70fa9608c1dc2ad3f29ed3a4c') in 0.034758 seconds
  Import took 0.041696 seconds .

========================================================================
Received Import Request.
  Time since last request: 0.000296 seconds.
  path: Assets/Textures/BedRoom/Bed_MetallicSmooth.tif
  artifactKey: Guid(e142a5b58f3559844b4be8596b56c53c) Importer(815301076,1909f56bfc062723c751e8b465ee728b)
Start importing Assets/Textures/BedRoom/Bed_MetallicSmooth.tif using Guid(e142a5b58f3559844b4be8596b56c53c) Importer(815301076,1909f56bfc062723c751e8b465ee728b)  -> (artifact id: '81fb12d4553f2b3ee9eb9fa3f9d73968') in 0.034224 seconds
  Import took 0.041191 seconds .

========================================================================
Received Import Request.
  Time since last request: 0.000279 seconds.
  path: Assets/Textures/BedRoom/Bed_Occlusion.tif
  artifactKey: Guid(060bae91606084849a8ee3fdc288af12) Importer(815301076,1909f56bfc062723c751e8b465ee728b)
Start importing Assets/Textures/BedRoom/Bed_Occlusion.tif using Guid(060bae91606084849a8ee3fdc288af12) Importer(815301076,1909f56bfc062723c751e8b465ee728b)  -> (artifact id: '5650b66c5dee5f552f729fe9cb7bca00') in 0.032785 seconds
  Import took 0.038561 seconds .

========================================================================
Received Import Request.
  Time since last request: 0.000305 seconds.
  path: Assets/Textures/BathRoom/Bathtub_Occlusion.tif
  artifactKey: Guid(a3b38686a7c75a54fa3dab70b08d6310) Importer(815301076,1909f56bfc062723c751e8b465ee728b)
Start importing Assets/Textures/BathRoom/Bathtub_Occlusion.tif using Guid(a3b38686a7c75a54fa3dab70b08d6310) Importer(815301076,1909f56bfc062723c751e8b465ee728b)  -> (artifact id: '9c49da5df112782730ac1b712573cf4d') in 0.031422 seconds
  Import took 0.037716 seconds .

========================================================================
Received Import Request.
  Time since last request: 0.000294 seconds.
  path: Assets/Textures/BathRoom/BathtubLeg_MetallicSmooth.tif
  artifactKey: Guid(035b28d384a3fe44c96407179c34f574) Importer(815301076,1909f56bfc062723c751e8b465ee728b)
Start importing Assets/Textures/BathRoom/BathtubLeg_MetallicSmooth.tif using Guid(035b28d384a3fe44c96407179c34f574) Importer(815301076,1909f56bfc062723c751e8b465ee728b)  -> (artifact id: '18a6c572689f3d092305e981cedf51ee') in 0.026509 seconds
  Import took 0.033551 seconds .

========================================================================
Received Import Request.
  Time since last request: 0.000340 seconds.
  path: Assets/Textures/DiningRoom/CandleStick_MetallicSmooth.tif
  artifactKey: Guid(772872ff7081e284fa81ffd5909bf963) Importer(815301076,1909f56bfc062723c751e8b465ee728b)
Start importing Assets/Textures/DiningRoom/CandleStick_MetallicSmooth.tif using Guid(772872ff7081e284fa81ffd5909bf963) Importer(815301076,1909f56bfc062723c751e8b465ee728b)  -> (artifact id: '34fee9e7038c2bea9e6f566972eec976') in 0.034869 seconds
  Import took 0.042300 seconds .

========================================================================
Received Import Request.
  Time since last request: 0.000274 seconds.
  path: Assets/Textures/DiningRoom/CandleStick_Albedo.tif
  artifactKey: Guid(5cd10124400cb26478cd41db912ce90f) Importer(815301076,1909f56bfc062723c751e8b465ee728b)
Start importing Assets/Textures/DiningRoom/CandleStick_Albedo.tif using Guid(5cd10124400cb26478cd41db912ce90f) Importer(815301076,1909f56bfc062723c751e8b465ee728b)  -> (artifact id: '63778bb72d24b46622f632b4f808ee00') in 0.031086 seconds
  Import took 0.037402 seconds .

========================================================================
Received Import Request.
  Time since last request: 0.000256 seconds.
  path: Assets/Textures/BathRoom/Bathtub_Normal.tif
  artifactKey: Guid(77ca587615e748e44848958159bf200d) Importer(815301076,1909f56bfc062723c751e8b465ee728b)
Start importing Assets/Textures/BathRoom/Bathtub_Normal.tif using Guid(77ca587615e748e44848958159bf200d) Importer(815301076,1909f56bfc062723c751e8b465ee728b)  -> (artifact id: 'e141a4de2890435b06c0d510da57de8c') in 0.029817 seconds
  Import took 0.037000 seconds .

========================================================================
Received Import Request.
  Time since last request: 0.000290 seconds.
  path: Assets/Textures/BathRoom/BathtubLeg_Albedo.tif
  artifactKey: Guid(8b0c12b29315a7d4dbe2e5aeb92f67ca) Importer(815301076,1909f56bfc062723c751e8b465ee728b)
Start importing Assets/Textures/BathRoom/BathtubLeg_Albedo.tif using Guid(8b0c12b29315a7d4dbe2e5aeb92f67ca) Importer(815301076,1909f56bfc062723c751e8b465ee728b)  -> (artifact id: 'a7461c42a61e26fca6c9a67631741215') in 0.032166 seconds
  Import took 0.038894 seconds .

========================================================================
Received Import Request.
  Time since last request: 0.000259 seconds.
  path: Assets/Textures/BathRoom/Bathtub_MetallicSmooth.tif
  artifactKey: Guid(d4766011bebe0f94f8852e78e1f2fadf) Importer(815301076,1909f56bfc062723c751e8b465ee728b)
Start importing Assets/Textures/BathRoom/Bathtub_MetallicSmooth.tif using Guid(d4766011bebe0f94f8852e78e1f2fadf) Importer(815301076,1909f56bfc062723c751e8b465ee728b)  -> (artifact id: '24fe69478d9aa71d646b37a8c58b7c92') in 0.038766 seconds
  Import took 0.046194 seconds .

========================================================================
Received Import Request.
  Time since last request: 0.000315 seconds.
  path: Assets/Textures/BedRoom/Bed_Normal.tif
  artifactKey: Guid(6e2078e311db62b4fbe281f7e5ef27da) Importer(815301076,1909f56bfc062723c751e8b465ee728b)
Start importing Assets/Textures/BedRoom/Bed_Normal.tif using Guid(6e2078e311db62b4fbe281f7e5ef27da) Importer(815301076,1909f56bfc062723c751e8b465ee728b)  -> (artifact id: 'ecd3dcc5bc41bbd77ab0d60e654b6ec8') in 0.033265 seconds
  Import took 0.039658 seconds .

========================================================================
Received Import Request.
  Time since last request: 3.186514 seconds.
  path: Assets/Textures/DiningRoom/CandleStick_Occlusion.tif
  artifactKey: Guid(07355442582b14b44b9a74e5e67bbec6) Importer(815301076,1909f56bfc062723c751e8b465ee728b)
Start importing Assets/Textures/DiningRoom/CandleStick_Occlusion.tif using Guid(07355442582b14b44b9a74e5e67bbec6) Importer(815301076,1909f56bfc062723c751e8b465ee728b)  -> (artifact id: 'd50c64fd50419c47540dcddd620e1d86') in 0.030068 seconds
  Import took 0.038638 seconds .

========================================================================
Received Import Request.
  Time since last request: 0.000327 seconds.
  path: Assets/Textures/DiningRoom/Chair_Occlusion.tif
  artifactKey: Guid(25b06585b03a2d04186cd8b4f92ccc71) Importer(815301076,1909f56bfc062723c751e8b465ee728b)
Start importing Assets/Textures/DiningRoom/Chair_Occlusion.tif using Guid(25b06585b03a2d04186cd8b4f92ccc71) Importer(815301076,1909f56bfc062723c751e8b465ee728b)  -> (artifact id: '2933ca48a1392cf5b14d7b6368b1b386') in 0.029735 seconds
  Import took 0.035824 seconds .

========================================================================
Received Import Request.
  Time since last request: 0.000319 seconds.
  path: Assets/Textures/DiningRoom/Clock_Normal.tif
  artifactKey: Guid(faaba07ca4daae24f88790e6c5e1e109) Importer(815301076,1909f56bfc062723c751e8b465ee728b)
Start importing Assets/Textures/DiningRoom/Clock_Normal.tif using Guid(faaba07ca4daae24f88790e6c5e1e109) Importer(815301076,1909f56bfc062723c751e8b465ee728b)  -> (artifact id: '067583b46a4cd86eec24f8d261176658') in 0.033911 seconds
  Import took 0.040346 seconds .

========================================================================
Received Import Request.
  Time since last request: 0.000276 seconds.
  path: Assets/Textures/DiningRoom/Chair_MetallicSmooth.tif
  artifactKey: Guid(1b213521cd84364439c5fb030fd7aa04) Importer(815301076,1909f56bfc062723c751e8b465ee728b)
Start importing Assets/Textures/DiningRoom/Chair_MetallicSmooth.tif using Guid(1b213521cd84364439c5fb030fd7aa04) Importer(815301076,1909f56bfc062723c751e8b465ee728b)  -> (artifact id: '655c2fc58aeae3a349645d6a150780be') in 0.034324 seconds
  Import took 0.040342 seconds .

========================================================================
Received Import Request.
  Time since last request: 0.000349 seconds.
  path: Assets/Textures/VFX/clouds.png
  artifactKey: Guid(8cf4bb950c6b71c4990832481e7430b4) Importer(815301076,1909f56bfc062723c751e8b465ee728b)
Start importing Assets/Textures/VFX/clouds.png using Guid(8cf4bb950c6b71c4990832481e7430b4) Importer(815301076,1909f56bfc062723c751e8b465ee728b)  -> (artifact id: '01341ea4079f3877460d819e98b8877e') in 0.239501 seconds
  Import took 0.245909 seconds .

========================================================================
Received Import Request.
  Time since last request: 0.000309 seconds.
  path: Assets/Textures/DiningRoom/Cthulhu_Lamp_MetallicSmooth.tif
  artifactKey: Guid(3b798118871b23b448abd87d74d29af9) Importer(815301076,1909f56bfc062723c751e8b465ee728b)
Start importing Assets/Textures/DiningRoom/Cthulhu_Lamp_MetallicSmooth.tif using Guid(3b798118871b23b448abd87d74d29af9) Importer(815301076,1909f56bfc062723c751e8b465ee728b)  -> (artifact id: '15435e779569b88243d87e8f5d0629c5') in 0.025086 seconds
  Import took 0.031057 seconds .

========================================================================
Received Import Request.
  Time since last request: 0.000284 seconds.
  path: Assets/Textures/DiningRoom/Clock_Albedo.tif
  artifactKey: Guid(efe1f09805965e647a2bec8250b72349) Importer(815301076,1909f56bfc062723c751e8b465ee728b)
Start importing Assets/Textures/DiningRoom/Clock_Albedo.tif using Guid(efe1f09805965e647a2bec8250b72349) Importer(815301076,1909f56bfc062723c751e8b465ee728b)  -> (artifact id: '9ba514839d08452033b1c9758a38ed05') in 0.033627 seconds
  Import took 0.039262 seconds .

========================================================================
Received Import Request.
  Time since last request: 0.000333 seconds.
  path: Assets/Textures/DiningRoom/Chair_Normals.tif
  artifactKey: Guid(610c98ad363f4f94da068b2f4f743cb2) Importer(815301076,1909f56bfc062723c751e8b465ee728b)
Start importing Assets/Textures/DiningRoom/Chair_Normals.tif using Guid(610c98ad363f4f94da068b2f4f743cb2) Importer(815301076,1909f56bfc062723c751e8b465ee728b)  -> (artifact id: 'c8e99307f1937715bb8e8b6540f25edc') in 0.031829 seconds
  Import took 0.037690 seconds .

========================================================================
Received Import Request.
  Time since last request: 0.000245 seconds.
  path: Assets/Textures/DiningRoom/Cthulhu_Lamp_Albedo.tif
  artifactKey: Guid(6c90b46487020c3469499200b000cdb8) Importer(815301076,1909f56bfc062723c751e8b465ee728b)
Start importing Assets/Textures/DiningRoom/Cthulhu_Lamp_Albedo.tif using Guid(6c90b46487020c3469499200b000cdb8) Importer(815301076,1909f56bfc062723c751e8b465ee728b)  -> (artifact id: '6807d3a462b59f8aa39b1e6e5f01cdd3') in 0.031944 seconds
  Import took 0.038107 seconds .

========================================================================
Received Import Request.
  Time since last request: 0.000272 seconds.
  path: Assets/Textures/VFX/clouds (1).png
  artifactKey: Guid(ff953580933c5c446ac6a36ec825f0d0) Importer(815301076,1909f56bfc062723c751e8b465ee728b)
Start importing Assets/Textures/VFX/clouds (1).png using Guid(ff953580933c5c446ac6a36ec825f0d0) Importer(815301076,1909f56bfc062723c751e8b465ee728b)  -> (artifact id: '7355a711c4f2a8dbbae60d79a94181db') in 0.034743 seconds
  Import took 0.040393 seconds .

========================================================================
Received Import Request.
  Time since last request: 0.000297 seconds.
  path: Assets/Textures/DiningRoom/Clock_MetallicSmooth.tif
  artifactKey: Guid(18814287f2e3240419c37dd2a9abf1c4) Importer(815301076,1909f56bfc062723c751e8b465ee728b)
Start importing Assets/Textures/DiningRoom/Clock_MetallicSmooth.tif using Guid(18814287f2e3240419c37dd2a9abf1c4) Importer(815301076,1909f56bfc062723c751e8b465ee728b)  -> (artifact id: 'a34f5427ac58cd0b504b9cbf96568b3e') in 0.035706 seconds
  Import took 0.042492 seconds .

========================================================================
Received Import Request.
  Time since last request: 0.000371 seconds.
  path: Assets/Textures/DiningRoom/Chair_Albedo.tif
  artifactKey: Guid(0508e5cdb1034b64eaf24691319937c3) Importer(815301076,1909f56bfc062723c751e8b465ee728b)
Start importing Assets/Textures/DiningRoom/Chair_Albedo.tif using Guid(0508e5cdb1034b64eaf24691319937c3) Importer(815301076,1909f56bfc062723c751e8b465ee728b)  -> (artifact id: '272ff819a08f57fc01ebe06abacf5a9e') in 0.030192 seconds
  Import took 0.037291 seconds .

========================================================================
Received Import Request.
  Time since last request: 0.000303 seconds.
  path: Assets/Textures/DiningRoom/Clock_Occlusion.tif
  artifactKey: Guid(d47ff02a1774eaa4595a12e60aff2199) Importer(815301076,1909f56bfc062723c751e8b465ee728b)
Start importing Assets/Textures/DiningRoom/Clock_Occlusion.tif using Guid(d47ff02a1774eaa4595a12e60aff2199) Importer(815301076,1909f56bfc062723c751e8b465ee728b)  -> (artifact id: '6d42cc039a50b216449945249491355d') in 0.032808 seconds
  Import took 0.039227 seconds .

========================================================================
Received Import Request.
  Time since last request: 0.000283 seconds.
  path: Assets/Gizmos/Cinemachine/cm_logo_lg.png
  artifactKey: Guid(d0ceea9f3e3fc1d4e8656992705ebec1) Importer(815301076,1909f56bfc062723c751e8b465ee728b)
Start importing Assets/Gizmos/Cinemachine/cm_logo_lg.png using Guid(d0ceea9f3e3fc1d4e8656992705ebec1) Importer(815301076,1909f56bfc062723c751e8b465ee728b)  -> (artifact id: '62753887962b345f39dd6fead6415107') in 0.027169 seconds
  Import took 0.033029 seconds .

========================================================================
Received Import Request.
  Time since last request: 0.000334 seconds.
  path: Assets/Textures/UI/Caught.png
  artifactKey: Guid(85d46c7add1129741a0d78fadba6998e) Importer(815301076,1909f56bfc062723c751e8b465ee728b)
Start importing Assets/Textures/UI/Caught.png using Guid(85d46c7add1129741a0d78fadba6998e) Importer(815301076,1909f56bfc062723c751e8b465ee728b)  -> (artifact id: '151c1812519b159614eeda178d271e11') in 0.185404 seconds
  Import took 0.191381 seconds .

========================================================================
Received Import Request.
  Time since last request: 0.686670 seconds.
  path: Assets/Textures/DiningRoom/Cthulhu_Lamp_Normal.tif
  artifactKey: Guid(8bf179a14d694db4cacb3a54934ee81f) Importer(815301076,1909f56bfc062723c751e8b465ee728b)
Start importing Assets/Textures/DiningRoom/Cthulhu_Lamp_Normal.tif using Guid(8bf179a14d694db4cacb3a54934ee81f) Importer(815301076,1909f56bfc062723c751e8b465ee728b)  -> (artifact id: 'e84d647a5ba148631cc3f0ecba5d8d92') in 0.031090 seconds
  Import took 0.037478 seconds .

========================================================================
Received Import Request.
  Time since last request: 0.000298 seconds.
  path: Assets/Textures/DiningRoom/Cthulhu_Lamp_Occlusion.tif
  artifactKey: Guid(3fc488c9331779b4cb4179823da675a3) Importer(815301076,1909f56bfc062723c751e8b465ee728b)
Start importing Assets/Textures/DiningRoom/Cthulhu_Lamp_Occlusion.tif using Guid(3fc488c9331779b4cb4179823da675a3) Importer(815301076,1909f56bfc062723c751e8b465ee728b)  -> (artifact id: 'c3b13814fddf964a3ac9c887bbf0c9af') in 0.032869 seconds
  Import took 0.039200 seconds .

========================================================================
Received Import Request.
  Time since last request: 0.000358 seconds.
  path: Assets/Textures/VFX/DustMote.png
  artifactKey: Guid(394e93ce356b57344903a08ff72fcab2) Importer(815301076,1909f56bfc062723c751e8b465ee728b)
Start importing Assets/Textures/VFX/DustMote.png using Guid(394e93ce356b57344903a08ff72fcab2) Importer(815301076,1909f56bfc062723c751e8b465ee728b)  -> (artifact id: '42e500dc3c3624b4865202338140f266') in 0.029088 seconds
  Import took 0.035234 seconds .

========================================================================
Received Import Request.
  Time since last request: 0.000293 seconds.
  path: Assets/Textures/DiningRoom/Fireplace_MetallicSmooth.tif
  artifactKey: Guid(f632a9c02b56d5c45befbcf4bb4176aa) Importer(815301076,1909f56bfc062723c751e8b465ee728b)
Start importing Assets/Textures/DiningRoom/Fireplace_MetallicSmooth.tif using Guid(f632a9c02b56d5c45befbcf4bb4176aa) Importer(815301076,1909f56bfc062723c751e8b465ee728b)  -> (artifact id: '605b710aaf33265cab08d59a2ec4281f') in 0.035779 seconds
  Import took 0.042023 seconds .

========================================================================
Received Import Request.
  Time since last request: 0.000293 seconds.
  path: Assets/Textures/BathRoom/Floor_Bathroom_Albedo.tif
  artifactKey: Guid(a8a10e9b4ea6b8846bfbf2f2f131c5c9) Importer(815301076,1909f56bfc062723c751e8b465ee728b)
Start importing Assets/Textures/BathRoom/Floor_Bathroom_Albedo.tif using Guid(a8a10e9b4ea6b8846bfbf2f2f131c5c9) Importer(815301076,1909f56bfc062723c751e8b465ee728b)  -> (artifact id: '7d8408aec4fd1a0ef02219dc5b03a925') in 0.047543 seconds
  Import took 0.053430 seconds .

========================================================================
Received Import Request.
  Time since last request: 0.000264 seconds.
  path: Assets/Textures/DiningRoom/Cthulhu_Lamp_Normal.tif
  artifactKey: Guid(8bf179a14d694db4cacb3a54934ee81f) Importer(815301076,1909f56bfc062723c751e8b465ee728b)
Start importing Assets/Textures/DiningRoom/Cthulhu_Lamp_Normal.tif using Guid(8bf179a14d694db4cacb3a54934ee81f) Importer(815301076,1909f56bfc062723c751e8b465ee728b)  -> (artifact id: 'e84d647a5ba148631cc3f0ecba5d8d92') in 0.024691 seconds
  Import took 0.030655 seconds .

========================================================================
Received Import Request.
  Time since last request: 0.000306 seconds.
  path: Assets/Textures/Corridor/DoorPost_Albedo.tif
  artifactKey: Guid(09fbe434f49e3d14db90d6bcc8ab8383) Importer(815301076,1909f56bfc062723c751e8b465ee728b)
Start importing Assets/Textures/Corridor/DoorPost_Albedo.tif using Guid(09fbe434f49e3d14db90d6bcc8ab8383) Importer(815301076,1909f56bfc062723c751e8b465ee728b)  -> (artifact id: '7ca66348da7a73a896ccb0c72624f6d9') in 0.046619 seconds
  Import took 0.052498 seconds .

========================================================================
Received Import Request.
  Time since last request: 0.000261 seconds.
  path: Assets/Textures/BathRoom/Floor_Bathroom_MetallicSmooth.tif
  artifactKey: Guid(9b75a955ca7b6b84babaa891e2ca217f) Importer(815301076,1909f56bfc062723c751e8b465ee728b)
Start importing Assets/Textures/BathRoom/Floor_Bathroom_MetallicSmooth.tif using Guid(9b75a955ca7b6b84babaa891e2ca217f) Importer(815301076,1909f56bfc062723c751e8b465ee728b)  -> (artifact id: 'bc14af3ac562d1274cc113844c661be5') in 0.049727 seconds
  Import took 0.056372 seconds .

========================================================================
Received Import Request.
  Time since last request: 0.000311 seconds.
  path: Assets/Textures/DiningRoom/Fireplace_Albedo.tif
  artifactKey: Guid(cba74aeb906dde146ae03b6b66e6ab46) Importer(815301076,1909f56bfc062723c751e8b465ee728b)
Start importing Assets/Textures/DiningRoom/Fireplace_Albedo.tif using Guid(cba74aeb906dde146ae03b6b66e6ab46) Importer(815301076,1909f56bfc062723c751e8b465ee728b)  -> (artifact id: 'f5f8338c0cd21381b5bc2da89685a10c') in 0.032585 seconds
  Import took 0.039561 seconds .

========================================================================
Received Import Request.
  Time since last request: 0.000322 seconds.
  path: Assets/Textures/DiningRoom/Fireplace_Normal.tif
  artifactKey: Guid(213c09988023fa74986a1bc0b4d38103) Importer(815301076,1909f56bfc062723c751e8b465ee728b)
Start importing Assets/Textures/DiningRoom/Fireplace_Normal.tif using Guid(213c09988023fa74986a1bc0b4d38103) Importer(815301076,1909f56bfc062723c751e8b465ee728b)  -> (artifact id: 'f934d20f2896440ebcb387a6ad3b0805') in 0.031207 seconds
  Import took 0.037196 seconds .

========================================================================
Received Import Request.
  Time since last request: 0.000279 seconds.
  path: Assets/Textures/Corridor/DoorPost_Occlusion.tif
  artifactKey: Guid(71b186b931fdc274dbeaeb7eb4039366) Importer(815301076,1909f56bfc062723c751e8b465ee728b)
Start importing Assets/Textures/Corridor/DoorPost_Occlusion.tif using Guid(71b186b931fdc274dbeaeb7eb4039366) Importer(815301076,1909f56bfc062723c751e8b465ee728b)  -> (artifact id: '0549d18b4705db8cc7080f7b1cbfdfcc') in 0.045029 seconds
  Import took 0.051528 seconds .

========================================================================
Received Import Request.
  Time since last request: 0.000362 seconds.
  path: Assets/Textures/DiningRoom/Fireplace_Occlusion.tif
  artifactKey: Guid(8d729759afba04b47b3d471f834893af) Importer(815301076,1909f56bfc062723c751e8b465ee728b)
Start importing Assets/Textures/DiningRoom/Fireplace_Occlusion.tif using Guid(8d729759afba04b47b3d471f834893af) Importer(815301076,1909f56bfc062723c751e8b465ee728b)  -> (artifact id: 'f18aab38d067bbaacf488e25ed3f939f') in 0.032581 seconds
  Import took 0.039161 seconds .

========================================================================
Received Import Request.
  Time since last request: 0.000318 seconds.
  path: Assets/Textures/BathRoom/Floor_Bathroom_Gloss.tif
  artifactKey: Guid(7aac3d8b683cb714a8401a466f41f189) Importer(815301076,1909f56bfc062723c751e8b465ee728b)
Start importing Assets/Textures/BathRoom/Floor_Bathroom_Gloss.tif using Guid(7aac3d8b683cb714a8401a466f41f189) Importer(815301076,1909f56bfc062723c751e8b465ee728b)  -> (artifact id: 'dfe1242e38e876a35b71fe1545592ded') in 0.048588 seconds
  Import took 0.054488 seconds .

========================================================================
Received Import Request.
  Time since last request: 0.000278 seconds.
  path: Assets/Textures/Corridor/DoorPost_MetallicSmooth.tif
  artifactKey: Guid(d87c5e66b380a074fa2264fd4da58aa6) Importer(815301076,1909f56bfc062723c751e8b465ee728b)
Start importing Assets/Textures/Corridor/DoorPost_MetallicSmooth.tif using Guid(d87c5e66b380a074fa2264fd4da58aa6) Importer(815301076,1909f56bfc062723c751e8b465ee728b)  -> (artifact id: 'f0abbdd39aa9f9274c93a86d48a18cb5') in 0.054153 seconds
  Import took 0.060489 seconds .

========================================================================
Received Import Request.
  Time since last request: 0.000275 seconds.
  path: Assets/Textures/BedRoom/Floor_Bedroom_Occlusion.tif
  artifactKey: Guid(6a72bdf27ba4ba14ebcc99cbd89cf631) Importer(815301076,1909f56bfc062723c751e8b465ee728b)
Start importing Assets/Textures/BedRoom/Floor_Bedroom_Occlusion.tif using Guid(6a72bdf27ba4ba14ebcc99cbd89cf631) Importer(815301076,1909f56bfc062723c751e8b465ee728b)  -> (artifact id: '2fccbda3672ba8eba17de3c43c33ff1b') in 0.046791 seconds
  Import took 0.053686 seconds .

========================================================================
Received Import Request.
  Time since last request: 0.000290 seconds.
  path: Assets/Textures/BathRoom/Floor_Bathroom_Occlusion.tif
  artifactKey: Guid(dc3be8bea457db34987416330563d54a) Importer(815301076,1909f56bfc062723c751e8b465ee728b)
Start importing Assets/Textures/BathRoom/Floor_Bathroom_Occlusion.tif using Guid(dc3be8bea457db34987416330563d54a) Importer(815301076,1909f56bfc062723c751e8b465ee728b)  -> (artifact id: 'c9aed5590cbd0e04f06a83a6a1a673f0') in 0.047057 seconds
  Import took 0.052942 seconds .

========================================================================
Received Import Request.
  Time since last request: 0.000306 seconds.
  path: Assets/Textures/DiningRoom/Floor_Diningroom_Albedo.tif
  artifactKey: Guid(daabdafdc2d4a3b4b820f224213f0035) Importer(815301076,1909f56bfc062723c751e8b465ee728b)
Start importing Assets/Textures/DiningRoom/Floor_Diningroom_Albedo.tif using Guid(daabdafdc2d4a3b4b820f224213f0035) Importer(815301076,1909f56bfc062723c751e8b465ee728b)  -> (artifact id: 'fc330af15b7951a56a2481c0fdba4201') in 0.054216 seconds
  Import took 0.060286 seconds .

========================================================================
Received Import Request.
  Time since last request: 0.000244 seconds.
  path: Assets/Textures/Corridor/Floor_Corridor_Albedo.tif
  artifactKey: Guid(f5ff39d7903508740a7f4625ca6d8deb) Importer(815301076,1909f56bfc062723c751e8b465ee728b)
Start importing Assets/Textures/Corridor/Floor_Corridor_Albedo.tif using Guid(f5ff39d7903508740a7f4625ca6d8deb) Importer(815301076,1909f56bfc062723c751e8b465ee728b)  -> (artifact id: 'd069c8443bcf8f5e69306b28d97ed10e') in 0.046762 seconds
  Import took 0.053154 seconds .

========================================================================
Received Import Request.
  Time since last request: 0.000287 seconds.
  path: Assets/Textures/BedRoom/Floor_Bedroom_MetallicSmooth.tif
  artifactKey: Guid(0d1789fa8719b394dac85ee60356bb9c) Importer(815301076,1909f56bfc062723c751e8b465ee728b)
Start importing Assets/Textures/BedRoom/Floor_Bedroom_MetallicSmooth.tif using Guid(0d1789fa8719b394dac85ee60356bb9c) Importer(815301076,1909f56bfc062723c751e8b465ee728b)  -> (artifact id: 'f12d3c429ee2d996714d639aca5acd5f') in 0.047391 seconds
  Import took 0.053138 seconds .

========================================================================
Received Import Request.
  Time since last request: 0.000283 seconds.
  path: Assets/Textures/BedRoom/Floor_Bedroom_Albedo.tif
  artifactKey: Guid(56c954657cc3f50449a5c668ebf4b18c) Importer(815301076,1909f56bfc062723c751e8b465ee728b)
Start importing Assets/Textures/BedRoom/Floor_Bedroom_Albedo.tif using Guid(56c954657cc3f50449a5c668ebf4b18c) Importer(815301076,1909f56bfc062723c751e8b465ee728b)  -> (artifact id: '267371ed903fd9d68855126f402a55a9') in 0.045234 seconds
  Import took 0.051427 seconds .

========================================================================
Received Import Request.
  Time since last request: 0.000267 seconds.
  path: Assets/Textures/BedRoom/Floor_Bedroom_Normal.tif
  artifactKey: Guid(08c9198dcd6c19e459e53914775ecbba) Importer(815301076,1909f56bfc062723c751e8b465ee728b)
Start importing Assets/Textures/BedRoom/Floor_Bedroom_Normal.tif using Guid(08c9198dcd6c19e459e53914775ecbba) Importer(815301076,1909f56bfc062723c751e8b465ee728b)  -> (artifact id: '87e9b0d5472275655b2f22960120895b') in 0.045712 seconds
  Import took 0.051541 seconds .

========================================================================
Received Import Request.
  Time since last request: 0.000405 seconds.
  path: Assets/Textures/Corridor/Floor_Corridor_Normal.tif
  artifactKey: Guid(1dc04ec508d282843970c5096c883ac9) Importer(815301076,1909f56bfc062723c751e8b465ee728b)
Start importing Assets/Textures/Corridor/Floor_Corridor_Normal.tif using Guid(1dc04ec508d282843970c5096c883ac9) Importer(815301076,1909f56bfc062723c751e8b465ee728b)  -> (artifact id: '9b526dc461e71db5da0cd063eb72621a') in 0.046547 seconds
  Import took 0.053053 seconds .

========================================================================
Received Import Request.
  Time since last request: 0.000313 seconds.
  path: Assets/Textures/Corridor/Floor_Corridor_Occlusion.tif
  artifactKey: Guid(19dbd5766a358144d94e26ebae51f186) Importer(815301076,1909f56bfc062723c751e8b465ee728b)
Start importing Assets/Textures/Corridor/Floor_Corridor_Occlusion.tif using Guid(19dbd5766a358144d94e26ebae51f186) Importer(815301076,1909f56bfc062723c751e8b465ee728b)  -> (artifact id: '19be6b087fe9e29e985b551ccec70646') in 0.045194 seconds
  Import took 0.051152 seconds .

========================================================================
Received Import Request.
  Time since last request: 0.000291 seconds.
  path: Assets/Textures/Corridor/DoorPost_MetallicSmooth.tif
  artifactKey: Guid(d87c5e66b380a074fa2264fd4da58aa6) Importer(815301076,1909f56bfc062723c751e8b465ee728b)
Start importing Assets/Textures/Corridor/DoorPost_MetallicSmooth.tif using Guid(d87c5e66b380a074fa2264fd4da58aa6) Importer(815301076,1909f56bfc062723c751e8b465ee728b)  -> (artifact id: 'f0abbdd39aa9f9274c93a86d48a18cb5') in 0.034651 seconds
  Import took 0.040591 seconds .

========================================================================
Received Import Request.
  Time since last request: 0.000304 seconds.
  path: Assets/Textures/Corridor/DoorPost_Normal.tif
  artifactKey: Guid(a2d1d6cc4343c544394bbc5abd74dff9) Importer(815301076,1909f56bfc062723c751e8b465ee728b)
Start importing Assets/Textures/Corridor/DoorPost_Normal.tif using Guid(a2d1d6cc4343c544394bbc5abd74dff9) Importer(815301076,1909f56bfc062723c751e8b465ee728b)  -> (artifact id: '73ee5f52923bc9628950ca1a7d97246d') in 0.045223 seconds
  Import took 0.051174 seconds .

========================================================================
Received Import Request.
  Time since last request: 0.000347 seconds.
  path: Assets/Textures/BathRoom/Floor_Bathroom_Normal.tif
  artifactKey: Guid(d028a69709938384faa0084792e6973c) Importer(815301076,1909f56bfc062723c751e8b465ee728b)
Start importing Assets/Textures/BathRoom/Floor_Bathroom_Normal.tif using Guid(d028a69709938384faa0084792e6973c) Importer(815301076,1909f56bfc062723c751e8b465ee728b)  -> (artifact id: '018c10c3a9fa309828bbef1644e6299c') in 0.045615 seconds
  Import took 0.051477 seconds .

========================================================================
Received Import Request.
  Time since last request: 0.000335 seconds.
  path: Assets/Textures/Corridor/Floor_Corridor_MetallicSmooth.tif
  artifactKey: Guid(ca6d89227d3939240a158a5fde973920) Importer(815301076,1909f56bfc062723c751e8b465ee728b)
Start importing Assets/Textures/Corridor/Floor_Corridor_MetallicSmooth.tif using Guid(ca6d89227d3939240a158a5fde973920) Importer(815301076,1909f56bfc062723c751e8b465ee728b)  -> (artifact id: 'e7848bfd55922d06fa63907e8ca3b5ed') in 0.053935 seconds
  Import took 0.060318 seconds .

========================================================================
Received Import Request.
  Time since last request: 0.000345 seconds.
  path: Assets/Textures/BathRoom/Floor_Bathroom_Normal.tif
  artifactKey: Guid(d028a69709938384faa0084792e6973c) Importer(815301076,1909f56bfc062723c751e8b465ee728b)
Start importing Assets/Textures/BathRoom/Floor_Bathroom_Normal.tif using Guid(d028a69709938384faa0084792e6973c) Importer(815301076,1909f56bfc062723c751e8b465ee728b)  -> (artifact id: '018c10c3a9fa309828bbef1644e6299c') in 0.036732 seconds
  Import took 0.042669 seconds .

========================================================================
Received Prepare
Reloading mono domain
Begin MonoManager ReloadAssembly
Registering precompiled unity dll's ...
Register platform support module: C:/Program Files/Unity/Hub/2020.2.0b1/Editor/Data/PlaybackEngines/WindowsStandaloneSupport/UnityEditor.WindowsStandalone.Extensions.dll
Registered in 0.003430 seconds.
Symbol file LoadedFromMemory doesn't match image C:\Users\enrir\Proyectos Unity\ProyectoFinal_JHONLEMON\Library\PackageCache\com.unity.ext.nunit@1.0.0\net35\unity-custom\nunit.framework.dll
Native extension for WindowsStandalone target not found
Refreshing native plugins compatible for Editor in 122.10 ms, found 0 plugins.
Preloading 0 native plugins for Editor in 0.00 ms.
Invoked RoslynAnalysisRunner static constructor.
RoslynAnalysisRunner will not be running.
RoslynAnalysisRunner has terminated.
Mono: successfully reloaded assembly
- Completed reload, in  1.784 seconds
Registering precompiled user dll's ...
Registered in 0.222275 seconds.
Platform modules already initialized, skipping
Begin MonoManager ReloadAssembly
Symbol file LoadedFromMemory doesn't match image C:\Users\enrir\Proyectos Unity\ProyectoFinal_JHONLEMON\Library\PackageCache\com.unity.ext.nunit@1.0.0\net35\unity-custom\nunit.framework.dll
Native extension for WindowsStandalone target not found
Refreshing native plugins compatible for Editor in 0.97 ms, found 0 plugins.
Preloading 0 native plugins for Editor in 0.00 ms.
Invoked RoslynAnalysisRunner static constructor.
RoslynAnalysisRunner will not be running.
RoslynAnalysisRunner has terminated.
Mono: successfully reloaded assembly
- Completed reload, in  1.803 seconds
Platform modules already initialized, skipping
Shader 'Universal Render Pipeline/Particles/Lit': fallback shader 'Universal Render Pipeline/Particles/SimpleLit' not found
Refreshing native plugins compatible for Editor in 0.95 ms, found 0 plugins.
Preloading 0 native plugins for Editor in 0.00 ms.
Unloading 33 Unused Serialized files (Serialized files now loaded: 0)
System memory in use before: 138.3 MB.
System memory in use after: 138.5 MB.

Unloading 28 unused Assets to reduce memory usage. Loaded Objects now: 3007.
Total: 3.250000 ms (FindLiveObjects: 0.816200 ms CreateObjectMapping: 0.180600 ms MarkObjects: 2.110400 ms  DeleteObjects: 0.141400 ms)

========================================================================
Received Prepare
Shader 'Universal Render Pipeline/Particles/Lit': fallback shader 'Universal Render Pipeline/Particles/SimpleLit' not found
Refreshing native plugins compatible for Editor in 13.04 ms, found 0 plugins.
Preloading 0 native plugins for Editor in 0.00 ms.
Unloading 28 Unused Serialized files (Serialized files now loaded: 0)
System memory in use before: 135.8 MB.
System memory in use after: 136.0 MB.

Unloading 25 unused Assets to reduce memory usage. Loaded Objects now: 3007.
Total: 4.404500 ms (FindLiveObjects: 0.932900 ms CreateObjectMapping: 0.224600 ms MarkObjects: 3.162100 ms  DeleteObjects: 0.082700 ms)

========================================================================
Received Prepare
Shader 'Universal Render Pipeline/Particles/Lit': fallback shader 'Universal Render Pipeline/Particles/SimpleLit' not found
Refreshing native plugins compatible for Editor in 19.36 ms, found 0 plugins.
Preloading 0 native plugins for Editor in 0.00 ms.
Unloading 25 Unused Serialized files (Serialized files now loaded: 0)
System memory in use before: 135.5 MB.
System memory in use after: 135.7 MB.

Unloading 25 unused Assets to reduce memory usage. Loaded Objects now: 3007.
Total: 3.347200 ms (FindLiveObjects: 0.887800 ms CreateObjectMapping: 0.204700 ms MarkObjects: 2.186500 ms  DeleteObjects: 0.066400 ms)

========================================================================
Received Prepare
Shader 'Universal Render Pipeline/Particles/Lit': fallback shader 'Universal Render Pipeline/Particles/SimpleLit' not found
Refreshing native plugins compatible for Editor in 11.77 ms, found 0 plugins.
Preloading 0 native plugins for Editor in 0.00 ms.
Unloading 25 Unused Serialized files (Serialized files now loaded: 0)
System memory in use before: 135.7 MB.
System memory in use after: 135.9 MB.

Unloading 25 unused Assets to reduce memory usage. Loaded Objects now: 3007.
Total: 3.455800 ms (FindLiveObjects: 0.770100 ms CreateObjectMapping: 0.174000 ms MarkObjects: 2.446900 ms  DeleteObjects: 0.063400 ms)

========================================================================
Received Prepare
Shader 'Universal Render Pipeline/Particles/Lit': fallback shader 'Universal Render Pipeline/Particles/SimpleLit' not found
Refreshing native plugins compatible for Editor in 12.81 ms, found 0 plugins.
Preloading 0 native plugins for Editor in 0.00 ms.
Unloading 25 Unused Serialized files (Serialized files now loaded: 0)
System memory in use before: 135.7 MB.
System memory in use after: 135.9 MB.

Unloading 25 unused Assets to reduce memory usage. Loaded Objects now: 3007.
Total: 3.684900 ms (FindLiveObjects: 0.877100 ms CreateObjectMapping: 0.171500 ms MarkObjects: 2.569900 ms  DeleteObjects: 0.064600 ms)

========================================================================
Received Prepare
Shader 'Universal Render Pipeline/Particles/Lit': fallback shader 'Universal Render Pipeline/Particles/SimpleLit' not found
Refreshing native plugins compatible for Editor in 12.48 ms, found 0 plugins.
Preloading 0 native plugins for Editor in 0.00 ms.
Unloading 25 Unused Serialized files (Serialized files now loaded: 0)
System memory in use before: 135.6 MB.
System memory in use after: 135.8 MB.

Unloading 25 unused Assets to reduce memory usage. Loaded Objects now: 3007.
Total: 4.933700 ms (FindLiveObjects: 1.099100 ms CreateObjectMapping: 0.267700 ms MarkObjects: 3.483800 ms  DeleteObjects: 0.081100 ms)

========================================================================
Received Prepare
Shader 'Universal Render Pipeline/Particles/Lit': fallback shader 'Universal Render Pipeline/Particles/SimpleLit' not found
Refreshing native plugins compatible for Editor in 14.90 ms, found 0 plugins.
Preloading 0 native plugins for Editor in 0.00 ms.
Unloading 25 Unused Serialized files (Serialized files now loaded: 0)
System memory in use before: 135.8 MB.
System memory in use after: 136.0 MB.

Unloading 25 unused Assets to reduce memory usage. Loaded Objects now: 3007.
Total: 4.381100 ms (FindLiveObjects: 0.961100 ms CreateObjectMapping: 0.314800 ms MarkObjects: 3.025200 ms  DeleteObjects: 0.078100 ms)

========================================================================
Received Import Request.
  Time since last request: 2138.304855 seconds.
  path: Assets/_Scripts/PlayerController.cs
  artifactKey: Guid(f8ac2576ac11a1945b3a28a8ec1c5720) Importer(815301076,1909f56bfc062723c751e8b465ee728b)
Start importing Assets/_Scripts/PlayerController.cs using Guid(f8ac2576ac11a1945b3a28a8ec1c5720) Importer(815301076,1909f56bfc062723c751e8b465ee728b)  -> (artifact id: '5ba8f22c71b4012b650cc17885fe803b') in 0.116582 seconds
  Import took 0.137931 seconds .

========================================================================
Received Prepare
Shader 'Universal Render Pipeline/Particles/Lit': fallback shader 'Universal Render Pipeline/Particles/SimpleLit' not found
Refreshing native plugins compatible for Editor in 18.60 ms, found 0 plugins.
Preloading 0 native plugins for Editor in 0.00 ms.
Unloading 25 Unused Serialized files (Serialized files now loaded: 0)
System memory in use before: 135.8 MB.
System memory in use after: 136.0 MB.

Unloading 25 unused Assets to reduce memory usage. Loaded Objects now: 3007.
Total: 3.809200 ms (FindLiveObjects: 0.920400 ms CreateObjectMapping: 0.164800 ms MarkObjects: 2.655500 ms  DeleteObjects: 0.066700 ms)

========================================================================
Received Prepare
Shader 'Universal Render Pipeline/Particles/Lit': fallback shader 'Universal Render Pipeline/Particles/SimpleLit' not found
Refreshing native plugins compatible for Editor in 18.36 ms, found 0 plugins.
Preloading 0 native plugins for Editor in 0.00 ms.
Unloading 25 Unused Serialized files (Serialized files now loaded: 0)
System memory in use before: 135.7 MB.
System memory in use after: 135.9 MB.

Unloading 25 unused Assets to reduce memory usage. Loaded Objects now: 3007.
Total: 5.520400 ms (FindLiveObjects: 1.032100 ms CreateObjectMapping: 0.189900 ms MarkObjects: 4.210300 ms  DeleteObjects: 0.086000 ms)

========================================================================
Received Prepare
Shader 'Universal Render Pipeline/Particles/Lit': fallback shader 'Universal Render Pipeline/Particles/SimpleLit' not found
Refreshing native plugins compatible for Editor in 14.91 ms, found 0 plugins.
Preloading 0 native plugins for Editor in 0.00 ms.
Unloading 25 Unused Serialized files (Serialized files now loaded: 0)
System memory in use before: 135.8 MB.
System memory in use after: 136.0 MB.

Unloading 25 unused Assets to reduce memory usage. Loaded Objects now: 3007.
Total: 4.118600 ms (FindLiveObjects: 0.871900 ms CreateObjectMapping: 0.164800 ms MarkObjects: 2.648900 ms  DeleteObjects: 0.431600 ms)

========================================================================
Received Prepare
Shader 'Universal Render Pipeline/Particles/Lit': fallback shader 'Universal Render Pipeline/Particles/SimpleLit' not found
Refreshing native plugins compatible for Editor in 17.99 ms, found 0 plugins.
Preloading 0 native plugins for Editor in 0.00 ms.
Unloading 25 Unused Serialized files (Serialized files now loaded: 0)
System memory in use before: 135.8 MB.
System memory in use after: 136.0 MB.

Unloading 25 unused Assets to reduce memory usage. Loaded Objects now: 3007.
Total: 3.459100 ms (FindLiveObjects: 0.944400 ms CreateObjectMapping: 0.231200 ms MarkObjects: 2.213900 ms  DeleteObjects: 0.065000 ms)

========================================================================
Received Prepare
Reloading mono domain
Begin MonoManager ReloadAssembly
Registering precompiled unity dll's ...
Register platform support module: C:/Program Files/Unity/Hub/2020.2.0b1/Editor/Data/PlaybackEngines/WindowsStandaloneSupport/UnityEditor.WindowsStandalone.Extensions.dll
Registered in 0.004327 seconds.
Symbol file LoadedFromMemory doesn't match image C:\Users\enrir\Proyectos Unity\ProyectoFinal_JHONLEMON\Library\PackageCache\com.unity.ext.nunit@1.0.0\net35\unity-custom\nunit.framework.dll
Native extension for WindowsStandalone target not found
Refreshing native plugins compatible for Editor in 114.29 ms, found 0 plugins.
Preloading 0 native plugins for Editor in 0.00 ms.
Invoked RoslynAnalysisRunner static constructor.
RoslynAnalysisRunner will not be running.
RoslynAnalysisRunner has terminated.
Mono: successfully reloaded assembly
- Completed reload, in  2.945 seconds
Registering precompiled user dll's ...
Registered in 0.253014 seconds.
Platform modules already initialized, skipping
Begin MonoManager ReloadAssembly
Symbol file LoadedFromMemory doesn't match image C:\Users\enrir\Proyectos Unity\ProyectoFinal_JHONLEMON\Library\PackageCache\com.unity.ext.nunit@1.0.0\net35\unity-custom\nunit.framework.dll
Native extension for WindowsStandalone target not found
Refreshing native plugins compatible for Editor in 1.08 ms, found 0 plugins.
Preloading 0 native plugins for Editor in 0.00 ms.
Invoked RoslynAnalysisRunner static constructor.
RoslynAnalysisRunner will not be running.
RoslynAnalysisRunner has terminated.
Mono: successfully reloaded assembly
- Completed reload, in  1.777 seconds
Platform modules already initialized, skipping
Shader 'Universal Render Pipeline/Particles/Lit': fallback shader 'Universal Render Pipeline/Particles/SimpleLit' not found
Refreshing native plugins compatible for Editor in 0.94 ms, found 0 plugins.
Preloading 0 native plugins for Editor in 0.00 ms.
Unloading 32 Unused Serialized files (Serialized files now loaded: 0)
System memory in use before: 139.3 MB.
System memory in use after: 139.5 MB.

Unloading 28 unused Assets to reduce memory usage. Loaded Objects now: 3011.
Total: 3.281500 ms (FindLiveObjects: 0.822700 ms CreateObjectMapping: 0.169400 ms MarkObjects: 2.175200 ms  DeleteObjects: 0.113000 ms)

========================================================================
Received Prepare
Shader 'Universal Render Pipeline/Particles/Lit': fallback shader 'Universal Render Pipeline/Particles/SimpleLit' not found
Refreshing native plugins compatible for Editor in 13.22 ms, found 0 plugins.
Preloading 0 native plugins for Editor in 0.00 ms.
Unloading 25 Unused Serialized files (Serialized files now loaded: 0)
System memory in use before: 139.0 MB.
System memory in use after: 139.2 MB.

Unloading 25 unused Assets to reduce memory usage. Loaded Objects now: 3011.
Total: 3.294800 ms (FindLiveObjects: 0.847300 ms CreateObjectMapping: 0.163800 ms MarkObjects: 2.176400 ms  DeleteObjects: 0.105900 ms)

========================================================================
Received Prepare
Reloading mono domain
Begin MonoManager ReloadAssembly
Registering precompiled unity dll's ...
Register platform support module: C:/Program Files/Unity/Hub/2020.2.0b1/Editor/Data/PlaybackEngines/WindowsStandaloneSupport/UnityEditor.WindowsStandalone.Extensions.dll
Registered in 0.003694 seconds.
Symbol file LoadedFromMemory doesn't match image C:\Users\enrir\Proyectos Unity\ProyectoFinal_JHONLEMON\Library\PackageCache\com.unity.ext.nunit@1.0.0\net35\unity-custom\nunit.framework.dll
Native extension for WindowsStandalone target not found
Refreshing native plugins compatible for Editor in 107.27 ms, found 0 plugins.
Preloading 0 native plugins for Editor in 0.00 ms.
Invoked RoslynAnalysisRunner static constructor.
RoslynAnalysisRunner will not be running.
RoslynAnalysisRunner has terminated.
Mono: successfully reloaded assembly
- Completed reload, in  1.912 seconds
Registering precompiled user dll's ...
Registered in 0.213514 seconds.
Platform modules already initialized, skipping
Begin MonoManager ReloadAssembly
Symbol file LoadedFromMemory doesn't match image C:\Users\enrir\Proyectos Unity\ProyectoFinal_JHONLEMON\Library\PackageCache\com.unity.ext.nunit@1.0.0\net35\unity-custom\nunit.framework.dll
Native extension for WindowsStandalone target not found
Refreshing native plugins compatible for Editor in 1.11 ms, found 0 plugins.
Preloading 0 native plugins for Editor in 0.00 ms.
Invoked RoslynAnalysisRunner static constructor.
RoslynAnalysisRunner will not be running.
RoslynAnalysisRunner has terminated.
Mono: successfully reloaded assembly
- Completed reload, in  1.831 seconds
Platform modules already initialized, skipping
Shader 'Universal Render Pipeline/Particles/Lit': fallback shader 'Universal Render Pipeline/Particles/SimpleLit' not found
Refreshing native plugins compatible for Editor in 0.98 ms, found 0 plugins.
Preloading 0 native plugins for Editor in 0.00 ms.
Unloading 32 Unused Serialized files (Serialized files now loaded: 0)
System memory in use before: 139.3 MB.
System memory in use after: 139.5 MB.

Unloading 28 unused Assets to reduce memory usage. Loaded Objects now: 3015.
Total: 3.354000 ms (FindLiveObjects: 0.950200 ms CreateObjectMapping: 0.166600 ms MarkObjects: 2.128700 ms  DeleteObjects: 0.107300 ms)

========================================================================
Received Prepare
Shader 'Universal Render Pipeline/Particles/Lit': fallback shader 'Universal Render Pipeline/Particles/SimpleLit' not found
Refreshing native plugins compatible for Editor in 12.78 ms, found 0 plugins.
Preloading 0 native plugins for Editor in 0.00 ms.
Unloading 25 Unused Serialized files (Serialized files now loaded: 0)
System memory in use before: 139.0 MB.
System memory in use after: 139.2 MB.

Unloading 25 unused Assets to reduce memory usage. Loaded Objects now: 3015.
Total: 3.204700 ms (FindLiveObjects: 0.822700 ms CreateObjectMapping: 0.161300 ms MarkObjects: 2.119500 ms  DeleteObjects: 0.100000 ms)

========================================================================
Received Prepare
Shader 'Universal Render Pipeline/Particles/Lit': fallback shader 'Universal Render Pipeline/Particles/SimpleLit' not found
Refreshing native plugins compatible for Editor in 12.22 ms, found 0 plugins.
Preloading 0 native plugins for Editor in 0.00 ms.
Unloading 25 Unused Serialized files (Serialized files now loaded: 0)
System memory in use before: 139.0 MB.
System memory in use after: 139.2 MB.

Unloading 25 unused Assets to reduce memory usage. Loaded Objects now: 3015.
Total: 4.096400 ms (FindLiveObjects: 0.915900 ms CreateObjectMapping: 0.186200 ms MarkObjects: 2.867200 ms  DeleteObjects: 0.125600 ms)

========================================================================
Received Prepare
Reloading mono domain
Begin MonoManager ReloadAssembly
Registering precompiled unity dll's ...
Register platform support module: C:/Program Files/Unity/Hub/2020.2.0b1/Editor/Data/PlaybackEngines/WindowsStandaloneSupport/UnityEditor.WindowsStandalone.Extensions.dll
Registered in 0.005143 seconds.
Symbol file LoadedFromMemory doesn't match image C:\Users\enrir\Proyectos Unity\ProyectoFinal_JHONLEMON\Library\PackageCache\com.unity.ext.nunit@1.0.0\net35\unity-custom\nunit.framework.dll
Native extension for WindowsStandalone target not found
Refreshing native plugins compatible for Editor in 120.46 ms, found 0 plugins.
Preloading 0 native plugins for Editor in 0.00 ms.
Invoked RoslynAnalysisRunner static constructor.
RoslynAnalysisRunner will not be running.
RoslynAnalysisRunner has terminated.
Mono: successfully reloaded assembly
- Completed reload, in  2.319 seconds
Registering precompiled user dll's ...
Registered in 0.245395 seconds.
Platform modules already initialized, skipping
Begin MonoManager ReloadAssembly
Symbol file LoadedFromMemory doesn't match image C:\Users\enrir\Proyectos Unity\ProyectoFinal_JHONLEMON\Library\PackageCache\com.unity.ext.nunit@1.0.0\net35\unity-custom\nunit.framework.dll
Native extension for WindowsStandalone target not found
Refreshing native plugins compatible for Editor in 0.99 ms, found 0 plugins.
Preloading 0 native plugins for Editor in 0.00 ms.
Invoked RoslynAnalysisRunner static constructor.
RoslynAnalysisRunner will not be running.
RoslynAnalysisRunner has terminated.
Mono: successfully reloaded assembly
- Completed reload, in  2.221 seconds
Platform modules already initialized, skipping
Shader 'Universal Render Pipeline/Particles/Lit': fallback shader 'Universal Render Pipeline/Particles/SimpleLit' not found
Refreshing native plugins compatible for Editor in 1.07 ms, found 0 plugins.
Preloading 0 native plugins for Editor in 0.00 ms.
Unloading 29 Unused Serialized files (Serialized files now loaded: 0)
System memory in use before: 139.5 MB.
System memory in use after: 139.7 MB.

Unloading 28 unused Assets to reduce memory usage. Loaded Objects now: 3019.
Total: 4.233600 ms (FindLiveObjects: 0.969800 ms CreateObjectMapping: 0.184000 ms MarkObjects: 2.940600 ms  DeleteObjects: 0.137500 ms)

========================================================================
Received Prepare
Reloading mono domain
Begin MonoManager ReloadAssembly
Registering precompiled unity dll's ...
Register platform support module: C:/Program Files/Unity/Hub/2020.2.0b1/Editor/Data/PlaybackEngines/WindowsStandaloneSupport/UnityEditor.WindowsStandalone.Extensions.dll
Registered in 0.004010 seconds.
Symbol file LoadedFromMemory doesn't match image C:\Users\enrir\Proyectos Unity\ProyectoFinal_JHONLEMON\Library\PackageCache\com.unity.ext.nunit@1.0.0\net35\unity-custom\nunit.framework.dll
Native extension for WindowsStandalone target not found
Refreshing native plugins compatible for Editor in 122.82 ms, found 0 plugins.
Preloading 0 native plugins for Editor in 0.00 ms.
Invoked RoslynAnalysisRunner static constructor.
RoslynAnalysisRunner will not be running.
RoslynAnalysisRunner has terminated.
Mono: successfully reloaded assembly
- Completed reload, in  2.460 seconds
Registering precompiled user dll's ...
Registered in 0.228143 seconds.
Platform modules already initialized, skipping
Begin MonoManager ReloadAssembly
Symbol file LoadedFromMemory doesn't match image C:\Users\enrir\Proyectos Unity\ProyectoFinal_JHONLEMON\Library\PackageCache\com.unity.ext.nunit@1.0.0\net35\unity-custom\nunit.framework.dll
Native extension for WindowsStandalone target not found
Refreshing native plugins compatible for Editor in 0.94 ms, found 0 plugins.
Preloading 0 native plugins for Editor in 0.00 ms.
Invoked RoslynAnalysisRunner static constructor.
RoslynAnalysisRunner will not be running.
RoslynAnalysisRunner has terminated.
Mono: successfully reloaded assembly
- Completed reload, in  2.168 seconds
Platform modules already initialized, skipping
Shader 'Universal Render Pipeline/Particles/Lit': fallback shader 'Universal Render Pipeline/Particles/SimpleLit' not found
Refreshing native plugins compatible for Editor in 0.95 ms, found 0 plugins.
Preloading 0 native plugins for Editor in 0.00 ms.
Unloading 29 Unused Serialized files (Serialized files now loaded: 0)
System memory in use before: 139.6 MB.
System memory in use after: 139.7 MB.

Unloading 28 unused Assets to reduce memory usage. Loaded Objects now: 3023.
Total: 3.700500 ms (FindLiveObjects: 0.899300 ms CreateObjectMapping: 0.180200 ms MarkObjects: 2.510100 ms  DeleteObjects: 0.108900 ms)

========================================================================
Received Prepare
Reloading mono domain
Begin MonoManager ReloadAssembly
Registering precompiled unity dll's ...
Register platform support module: C:/Program Files/Unity/Hub/2020.2.0b1/Editor/Data/PlaybackEngines/WindowsStandaloneSupport/UnityEditor.WindowsStandalone.Extensions.dll
Registered in 0.004744 seconds.
Symbol file LoadedFromMemory doesn't match image C:\Users\enrir\Proyectos Unity\ProyectoFinal_JHONLEMON\Library\PackageCache\com.unity.ext.nunit@1.0.0\net35\unity-custom\nunit.framework.dll
Native extension for WindowsStandalone target not found
Refreshing native plugins compatible for Editor in 124.42 ms, found 0 plugins.
Preloading 0 native plugins for Editor in 0.00 ms.
Invoked RoslynAnalysisRunner static constructor.
RoslynAnalysisRunner will not be running.
RoslynAnalysisRunner has terminated.
Mono: successfully reloaded assembly
- Completed reload, in  2.593 seconds
Registering precompiled user dll's ...
Registered in 0.432878 seconds.
Platform modules already initialized, skipping
Begin MonoManager ReloadAssembly
Symbol file LoadedFromMemory doesn't match image C:\Users\enrir\Proyectos Unity\ProyectoFinal_JHONLEMON\Library\PackageCache\com.unity.ext.nunit@1.0.0\net35\unity-custom\nunit.framework.dll
Native extension for WindowsStandalone target not found
Refreshing native plugins compatible for Editor in 1.17 ms, found 0 plugins.
Preloading 0 native plugins for Editor in 0.00 ms.
Invoked RoslynAnalysisRunner static constructor.
RoslynAnalysisRunner will not be running.
RoslynAnalysisRunner has terminated.
Mono: successfully reloaded assembly
- Completed reload, in  2.506 seconds
Platform modules already initialized, skipping
Shader 'Universal Render Pipeline/Particles/Lit': fallback shader 'Universal Render Pipeline/Particles/SimpleLit' not found
Refreshing native plugins compatible for Editor in 1.00 ms, found 0 plugins.
Preloading 0 native plugins for Editor in 0.00 ms.
Unloading 29 Unused Serialized files (Serialized files now loaded: 0)
System memory in use before: 139.6 MB.
System memory in use after: 139.8 MB.

Unloading 28 unused Assets to reduce memory usage. Loaded Objects now: 3027.
Total: 3.283900 ms (FindLiveObjects: 0.831700 ms CreateObjectMapping: 0.155900 ms MarkObjects: 2.194300 ms  DeleteObjects: 0.100800 ms)

========================================================================
Received Prepare
Reloading mono domain
Begin MonoManager ReloadAssembly
Registering precompiled unity dll's ...
Register platform support module: C:/Program Files/Unity/Hub/2020.2.0b1/Editor/Data/PlaybackEngines/WindowsStandaloneSupport/UnityEditor.WindowsStandalone.Extensions.dll
Registered in 0.003618 seconds.
Symbol file LoadedFromMemory doesn't match image C:\Users\enrir\Proyectos Unity\ProyectoFinal_JHONLEMON\Library\PackageCache\com.unity.ext.nunit@1.0.0\net35\unity-custom\nunit.framework.dll
Native extension for WindowsStandalone target not found
Refreshing native plugins compatible for Editor in 107.26 ms, found 0 plugins.
Preloading 0 native plugins for Editor in 0.00 ms.
Invoked RoslynAnalysisRunner static constructor.
RoslynAnalysisRunner will not be running.
RoslynAnalysisRunner has terminated.
Mono: successfully reloaded assembly
- Completed reload, in  2.415 seconds
Registering precompiled user dll's ...
Registered in 0.225153 seconds.
Platform modules already initialized, skipping
Begin MonoManager ReloadAssembly
Symbol file LoadedFromMemory doesn't match image C:\Users\enrir\Proyectos Unity\ProyectoFinal_JHONLEMON\Library\PackageCache\com.unity.ext.nunit@1.0.0\net35\unity-custom\nunit.framework.dll
Native extension for WindowsStandalone target not found
Refreshing native plugins compatible for Editor in 1.20 ms, found 0 plugins.
Preloading 0 native plugins for Editor in 0.00 ms.
Invoked RoslynAnalysisRunner static constructor.
RoslynAnalysisRunner will not be running.
RoslynAnalysisRunner has terminated.
Mono: successfully reloaded assembly
- Completed reload, in  2.291 seconds
Platform modules already initialized, skipping
Shader 'Universal Render Pipeline/Particles/Lit': fallback shader 'Universal Render Pipeline/Particles/SimpleLit' not found
Refreshing native plugins compatible for Editor in 0.96 ms, found 0 plugins.
Preloading 0 native plugins for Editor in 0.00 ms.
Unloading 29 Unused Serialized files (Serialized files now loaded: 0)
System memory in use before: 139.6 MB.
System memory in use after: 139.8 MB.

Unloading 28 unused Assets to reduce memory usage. Loaded Objects now: 3031.
Total: 3.665400 ms (FindLiveObjects: 0.952800 ms CreateObjectMapping: 0.183400 ms MarkObjects: 2.419300 ms  DeleteObjects: 0.108600 ms)

========================================================================
Received Prepare
Shader 'Universal Render Pipeline/Particles/Lit': fallback shader 'Universal Render Pipeline/Particles/SimpleLit' not found
Refreshing native plugins compatible for Editor in 12.65 ms, found 0 plugins.
Preloading 0 native plugins for Editor in 0.00 ms.
Unloading 25 Unused Serialized files (Serialized files now loaded: 0)
System memory in use before: 139.3 MB.
System memory in use after: 139.5 MB.

Unloading 25 unused Assets to reduce memory usage. Loaded Objects now: 3031.
Total: 3.515700 ms (FindLiveObjects: 0.932200 ms CreateObjectMapping: 0.226200 ms MarkObjects: 2.252200 ms  DeleteObjects: 0.103600 ms)

========================================================================
Received Prepare
Reloading mono domain
Begin MonoManager ReloadAssembly
Registering precompiled unity dll's ...
Register platform support module: C:/Program Files/Unity/Hub/2020.2.0b1/Editor/Data/PlaybackEngines/WindowsStandaloneSupport/UnityEditor.WindowsStandalone.Extensions.dll
Registered in 0.003717 seconds.
Symbol file LoadedFromMemory doesn't match image C:\Users\enrir\Proyectos Unity\ProyectoFinal_JHONLEMON\Library\PackageCache\com.unity.ext.nunit@1.0.0\net35\unity-custom\nunit.framework.dll
Native extension for WindowsStandalone target not found
Refreshing native plugins compatible for Editor in 113.30 ms, found 0 plugins.
Preloading 0 native plugins for Editor in 0.00 ms.
Invoked RoslynAnalysisRunner static constructor.
RoslynAnalysisRunner will not be running.
RoslynAnalysisRunner has terminated.
Mono: successfully reloaded assembly
- Completed reload, in  2.911 seconds
Registering precompiled user dll's ...
Registered in 0.264612 seconds.
Platform modules already initialized, skipping
Begin MonoManager ReloadAssembly
Symbol file LoadedFromMemory doesn't match image C:\Users\enrir\Proyectos Unity\ProyectoFinal_JHONLEMON\Library\PackageCache\com.unity.ext.nunit@1.0.0\net35\unity-custom\nunit.framework.dll
Native extension for WindowsStandalone target not found
Refreshing native plugins compatible for Editor in 1.33 ms, found 0 plugins.
Preloading 0 native plugins for Editor in 0.00 ms.
Invoked RoslynAnalysisRunner static constructor.
RoslynAnalysisRunner will not be running.
RoslynAnalysisRunner has terminated.
Mono: successfully reloaded assembly
- Completed reload, in  2.775 seconds
Platform modules already initialized, skipping
Shader 'Universal Render Pipeline/Particles/Lit': fallback shader 'Universal Render Pipeline/Particles/SimpleLit' not found
Refreshing native plugins compatible for Editor in 0.94 ms, found 0 plugins.
Preloading 0 native plugins for Editor in 0.00 ms.
Unloading 33 Unused Serialized files (Serialized files now loaded: 0)
System memory in use before: 139.6 MB.
System memory in use after: 139.8 MB.

Unloading 28 unused Assets to reduce memory usage. Loaded Objects now: 3035.
Total: 3.761900 ms (FindLiveObjects: 0.963400 ms CreateObjectMapping: 0.182400 ms MarkObjects: 2.488900 ms  DeleteObjects: 0.125600 ms)

========================================================================
Received Prepare
Shader 'Universal Render Pipeline/Particles/Lit': fallback shader 'Universal Render Pipeline/Particles/SimpleLit' not found
Refreshing native plugins compatible for Editor in 18.74 ms, found 0 plugins.
Preloading 0 native plugins for Editor in 0.00 ms.
Unloading 28 Unused Serialized files (Serialized files now loaded: 0)
System memory in use before: 135.9 MB.
System memory in use after: 136.1 MB.

Unloading 25 unused Assets to reduce memory usage. Loaded Objects now: 3035.
Total: 4.045900 ms (FindLiveObjects: 1.132800 ms CreateObjectMapping: 0.206600 ms MarkObjects: 2.640200 ms  DeleteObjects: 0.064700 ms)

========================================================================
Received Prepare
Shader 'Universal Render Pipeline/Particles/Lit': fallback shader 'Universal Render Pipeline/Particles/SimpleLit' not found
Refreshing native plugins compatible for Editor in 17.97 ms, found 0 plugins.
Preloading 0 native plugins for Editor in 0.00 ms.
Unloading 25 Unused Serialized files (Serialized files now loaded: 0)
System memory in use before: 135.9 MB.
System memory in use after: 136.1 MB.

Unloading 25 unused Assets to reduce memory usage. Loaded Objects now: 3035.
Total: 3.345600 ms (FindLiveObjects: 0.849800 ms CreateObjectMapping: 0.174400 ms MarkObjects: 2.255200 ms  DeleteObjects: 0.064800 ms)

AssetImportWorkerClient::OnTransportError - code=2 error=End of file
